
**** Build of configuration Nios II for project Szyfrator_NET ****

make all 
Info: Building ../../Desktop/Repozytorium/SzyfratorCopy/Szyfrator_v2/software/Sztfrator_NET_BSP
make --no-print-directory -C ../../Desktop/Repozytorium/SzyfratorCopy/Szyfrator_v2/software/Sztfrator_NET_BSP
[BSP build complete]
Info: Compiling Net_szyfr.c to obj/default/Net_szyfr.o
nios2-elf-gcc -xc -MP -MMD -c -I../../Desktop/Repozytorium/SzyfratorCopy/Szyfrator_v2/software/Sztfrator_NET_BSP/drivers/inc -I../../Desktop/Repozytorium/SzyfratorCopy/Szyfrator_v2/software/Sztfrator_NET_BSP/HAL/inc -I../../Desktop/Repozytorium/SzyfratorCopy/Szyfrator_v2/software/Sztfrator_NET_BSP -I../../Desktop/Repozytorium/SzyfratorCopy/Szyfrator_v2/software/Sztfrator_NET_BSP/drivers/inc  -DSYSTEM_BUS_WIDTH=32 -pipe -D__hal__ -DALT_NO_INSTRUCTION_EMULATION -DALTERA_TRIPLE_SPEED_MAC -DALT_SINGLE_THREADED    -O0 -g -Wall   -mno-hw-div -mhw-mul -mno-hw-mulx  -o obj/default/Net_szyfr.o Net_szyfr.c
Net_szyfr.c: In function 'main':
Net_szyfr.c:245:6: warning: large integer implicitly truncated to unsigned type [-Woverflow]
Net_szyfr.c:246:20: warning: unused variable 'szyfr_new_char' [-Wunused-variable]
Net_szyfr.c:245:20: warning: unused variable 'bajt2' [-Wunused-variable]
Net_szyfr.c:244:26: warning: unused variable 'tmp' [-Wunused-variable]
Net_szyfr.c:244:19: warning: unused variable 'bajt1' [-Wunused-variable]
Net_szyfr.c: In function 'rx_ethernet_isr':
Net_szyfr.c:307:3: warning: passing argument 1 of 'alt_tse_mac_get_common_speed' makes pointer from integer without a cast [enabled by default]
In file included from Net_szyfr.c:19:0:
../../Desktop/Repozytorium/SzyfratorCopy/Szyfrator_v2/software/Sztfrator_NET_BSP/drivers/inc/altera_avalon_tse.h:686:8: note: expected 'volatile struct np_tse_mac *' but argument is of type 'int'
Net_szyfr.c: In function 'rx_ethernet_isr1':
Net_szyfr.c:390:22: warning: comparison between pointer and integer [enabled by default]
Info: Linking Szyfrator_NET.elf
nios2-elf-g++  -T'../../Desktop/Repozytorium/SzyfratorCopy/Szyfrator_v2/software/Sztfrator_NET_BSP/linker.x' -msys-crt0='../../Desktop/Repozytorium/SzyfratorCopy/Szyfrator_v2/software/Sztfrator_NET_BSP/obj/HAL/src/crt0.o' -msys-lib=hal_bsp -L../../Desktop/Repozytorium/SzyfratorCopy/Szyfrator_v2/software/Sztfrator_NET_BSP   -Wl,-Map=Szyfrator_NET.map   -O0 -g -Wall   -mno-hw-div -mhw-mul -mno-hw-mulx  -o Szyfrator_NET.elf obj/default/Net_szyfr.o -lm 
nios2-elf-insert Szyfrator_NET.elf --thread_model hal --cpu_name nios2 --qsys true --simulation_enabled false --id 0 --sidp 0x103e40 --timestamp 1426877575 --stderr_dev jtag_uart --stdin_dev jtag_uart --stdout_dev jtag_uart --sopc_system_name Ethv3 --jdi C:/Users/Krzysiek/Desktop/Repozytorium/SzyfratorCopy/Szyfrator_v2/software/Sztfrator_NET_BSP/../../EthCiph2.jdi --sopcinfo C:/Users/Krzysiek/Desktop/Repozytorium/SzyfratorCopy/Szyfrator_v2/software/Sztfrator_NET_BSP/../../Ethv3.sopcinfo
Info: (Szyfrator_NET.elf) 130 KBytes program size (code + initialized data).
Info:                     162 KBytes free for stack + heap.
Info: Creating Szyfrator_NET.objdump
nios2-elf-objdump --disassemble --syms --all-header Szyfrator_NET.elf >Szyfrator_NET.objdump
[Szyfrator_NET build complete]

**** Build Finished ****

**** Build of configuration Nios II for project Szyfrator_NET ****

make all 
Info: Building ../../Desktop/Repozytorium/SzyfratorCopy/Szyfrator_v2/software/Sztfrator_NET_BSP
make --no-print-directory -C ../../Desktop/Repozytorium/SzyfratorCopy/Szyfrator_v2/software/Sztfrator_NET_BSP
[BSP build complete]
[Szyfrator_NET build complete]

**** Build Finished ****
